<?xml version="1.0" encoding="UTF-8"?>
<testsuite xmlns:xsi="http://www.w3.org/2001/XMLSchema-instance" xsi:noNamespaceSchemaLocation="https://maven.apache.org/surefire/maven-surefire-plugin/xsd/surefire-test-report-3.0.xsd" version="3.0" name="TestSuite" time="17.32" tests="4" errors="0" skipped="0" failures="0">
  <properties>
    <property name="java.specification.version" value="15"/>
    <property name="webdriver.chrome.driver" value="/Users/gokhansit/.cache/selenium/chromedriver/mac64/109.0.5414.74/chromedriver"/>
    <property name="sun.jnu.encoding" value="UTF-8"/>
    <property name="java.class.path" value="/Users/gokhansit/IdeaProjects/awesomecucumber/target/test-classes:/Users/gokhansit/IdeaProjects/awesomecucumber/target/classes:/Users/gokhansit/.m2/repository/io/cucumber/cucumber-picocontainer/7.0.0-RC1/cucumber-picocontainer-7.0.0-RC1.jar:/Users/gokhansit/.m2/repository/io/cucumber/cucumber-core/7.0.0-RC1/cucumber-core-7.0.0-RC1.jar:/Users/gokhansit/.m2/repository/io/cucumber/cucumber-gherkin/7.0.0-RC1/cucumber-gherkin-7.0.0-RC1.jar:/Users/gokhansit/.m2/repository/io/cucumber/cucumber-gherkin-messages/7.0.0-RC1/cucumber-gherkin-messages-7.0.0-RC1.jar:/Users/gokhansit/.m2/repository/io/cucumber/messages/17.1.0/messages-17.1.0.jar:/Users/gokhansit/.m2/repository/io/cucumber/tag-expressions/4.0.0/tag-expressions-4.0.0.jar:/Users/gokhansit/.m2/repository/io/cucumber/cucumber-expressions/12.1.3/cucumber-expressions-12.1.3.jar:/Users/gokhansit/.m2/repository/io/cucumber/datatable/7.0.0-RC1/datatable-7.0.0-RC1.jar:/Users/gokhansit/.m2/repository/io/cucumber/cucumber-plugin/7.0.0-RC1/cucumber-plugin-7.0.0-RC1.jar:/Users/gokhansit/.m2/repository/io/cucumber/docstring/7.0.0-RC1/docstring-7.0.0-RC1.jar:/Users/gokhansit/.m2/repository/io/cucumber/html-formatter/17.0.0/html-formatter-17.0.0.jar:/Users/gokhansit/.m2/repository/io/cucumber/create-meta/6.0.1/create-meta-6.0.1.jar:/Users/gokhansit/.m2/repository/org/apiguardian/apiguardian-api/1.1.2/apiguardian-api-1.1.2.jar:/Users/gokhansit/.m2/repository/org/picocontainer/picocontainer/2.15/picocontainer-2.15.jar:/Users/gokhansit/.m2/repository/io/github/bonigarcia/webdrivermanager/5.3.2/webdrivermanager-5.3.2.jar:/Users/gokhansit/.m2/repository/org/slf4j/slf4j-api/2.0.6/slf4j-api-2.0.6.jar:/Users/gokhansit/.m2/repository/com/google/code/gson/gson/2.10.1/gson-2.10.1.jar:/Users/gokhansit/.m2/repository/com/github/docker-java/docker-java/3.2.14/docker-java-3.2.14.jar:/Users/gokhansit/.m2/repository/com/github/docker-java/docker-java-core/3.2.14/docker-java-core-3.2.14.jar:/Users/gokhansit/.m2/repository/com/github/docker-java/docker-java-api/3.2.14/docker-java-api-3.2.14.jar:/Users/gokhansit/.m2/repository/com/fasterxml/jackson/core/jackson-annotations/2.10.3/jackson-annotations-2.10.3.jar:/Users/gokhansit/.m2/repository/commons-io/commons-io/2.6/commons-io-2.6.jar:/Users/gokhansit/.m2/repository/org/apache/commons/commons-compress/1.21/commons-compress-1.21.jar:/Users/gokhansit/.m2/repository/com/fasterxml/jackson/core/jackson-databind/2.10.3/jackson-databind-2.10.3.jar:/Users/gokhansit/.m2/repository/com/fasterxml/jackson/core/jackson-core/2.10.3/jackson-core-2.10.3.jar:/Users/gokhansit/.m2/repository/org/bouncycastle/bcpkix-jdk15on/1.64/bcpkix-jdk15on-1.64.jar:/Users/gokhansit/.m2/repository/org/bouncycastle/bcprov-jdk15on/1.64/bcprov-jdk15on-1.64.jar:/Users/gokhansit/.m2/repository/org/slf4j/jcl-over-slf4j/1.7.30/jcl-over-slf4j-1.7.30.jar:/Users/gokhansit/.m2/repository/com/github/docker-java/docker-java-transport-httpclient5/3.2.14/docker-java-transport-httpclient5-3.2.14.jar:/Users/gokhansit/.m2/repository/com/github/docker-java/docker-java-transport/3.2.14/docker-java-transport-3.2.14.jar:/Users/gokhansit/.m2/repository/net/java/dev/jna/jna/5.12.1/jna-5.12.1.jar:/Users/gokhansit/.m2/repository/org/brotli/dec/0.1.2/dec-0.1.2.jar:/Users/gokhansit/.m2/repository/org/apache/commons/commons-lang3/3.12.0/commons-lang3-3.12.0.jar:/Users/gokhansit/.m2/repository/org/apache/httpcomponents/client5/httpclient5/5.2.1/httpclient5-5.2.1.jar:/Users/gokhansit/.m2/repository/org/apache/httpcomponents/core5/httpcore5/5.2/httpcore5-5.2.jar:/Users/gokhansit/.m2/repository/org/apache/httpcomponents/core5/httpcore5-h2/5.2/httpcore5-h2-5.2.jar:/Users/gokhansit/.m2/repository/io/rest-assured/rest-assured/5.3.0/rest-assured-5.3.0.jar:/Users/gokhansit/.m2/repository/org/apache/groovy/groovy/4.0.6/groovy-4.0.6.jar:/Users/gokhansit/.m2/repository/org/apache/groovy/groovy-xml/4.0.6/groovy-xml-4.0.6.jar:/Users/gokhansit/.m2/repository/org/apache/httpcomponents/httpclient/4.5.13/httpclient-4.5.13.jar:/Users/gokhansit/.m2/repository/org/apache/httpcomponents/httpcore/4.4.13/httpcore-4.4.13.jar:/Users/gokhansit/.m2/repository/commons-logging/commons-logging/1.2/commons-logging-1.2.jar:/Users/gokhansit/.m2/repository/commons-codec/commons-codec/1.11/commons-codec-1.11.jar:/Users/gokhansit/.m2/repository/org/apache/httpcomponents/httpmime/4.5.13/httpmime-4.5.13.jar:/Users/gokhansit/.m2/repository/org/hamcrest/hamcrest/2.1/hamcrest-2.1.jar:/Users/gokhansit/.m2/repository/org/ccil/cowan/tagsoup/tagsoup/1.2.1/tagsoup-1.2.1.jar:/Users/gokhansit/.m2/repository/io/rest-assured/json-path/5.3.0/json-path-5.3.0.jar:/Users/gokhansit/.m2/repository/org/apache/groovy/groovy-json/4.0.6/groovy-json-4.0.6.jar:/Users/gokhansit/.m2/repository/io/rest-assured/rest-assured-common/5.3.0/rest-assured-common-5.3.0.jar:/Users/gokhansit/.m2/repository/io/rest-assured/xml-path/5.3.0/xml-path-5.3.0.jar:/Users/gokhansit/.m2/repository/io/cucumber/cucumber-java/7.11.0/cucumber-java-7.11.0.jar:/Users/gokhansit/.m2/repository/io/cucumber/cucumber-testng/7.11.0/cucumber-testng-7.11.0.jar:/Users/gokhansit/.m2/repository/org/testng/testng/7.7.1/testng-7.7.1.jar:/Users/gokhansit/.m2/repository/com/beust/jcommander/1.82/jcommander-1.82.jar:/Users/gokhansit/.m2/repository/org/webjars/jquery/3.6.1/jquery-3.6.1.jar:/Users/gokhansit/.m2/repository/org/seleniumhq/selenium/selenium-java/4.8.0/selenium-java-4.8.0.jar:/Users/gokhansit/.m2/repository/org/seleniumhq/selenium/selenium-api/4.8.0/selenium-api-4.8.0.jar:/Users/gokhansit/.m2/repository/org/seleniumhq/selenium/selenium-chrome-driver/4.8.0/selenium-chrome-driver-4.8.0.jar:/Users/gokhansit/.m2/repository/com/google/auto/service/auto-service-annotations/1.0.1/auto-service-annotations-1.0.1.jar:/Users/gokhansit/.m2/repository/com/google/auto/service/auto-service/1.0.1/auto-service-1.0.1.jar:/Users/gokhansit/.m2/repository/com/google/auto/auto-common/1.2/auto-common-1.2.jar:/Users/gokhansit/.m2/repository/com/google/guava/guava/31.1-jre/guava-31.1-jre.jar:/Users/gokhansit/.m2/repository/com/google/guava/failureaccess/1.0.1/failureaccess-1.0.1.jar:/Users/gokhansit/.m2/repository/com/google/guava/listenablefuture/9999.0-empty-to-avoid-conflict-with-guava/listenablefuture-9999.0-empty-to-avoid-conflict-with-guava.jar:/Users/gokhansit/.m2/repository/com/google/code/findbugs/jsr305/3.0.2/jsr305-3.0.2.jar:/Users/gokhansit/.m2/repository/org/checkerframework/checker-qual/3.12.0/checker-qual-3.12.0.jar:/Users/gokhansit/.m2/repository/com/google/errorprone/error_prone_annotations/2.11.0/error_prone_annotations-2.11.0.jar:/Users/gokhansit/.m2/repository/com/google/j2objc/j2objc-annotations/1.3/j2objc-annotations-1.3.jar:/Users/gokhansit/.m2/repository/org/seleniumhq/selenium/selenium-chromium-driver/4.8.0/selenium-chromium-driver-4.8.0.jar:/Users/gokhansit/.m2/repository/org/seleniumhq/selenium/selenium-json/4.8.0/selenium-json-4.8.0.jar:/Users/gokhansit/.m2/repository/org/seleniumhq/selenium/selenium-devtools-v107/4.8.0/selenium-devtools-v107-4.8.0.jar:/Users/gokhansit/.m2/repository/org/seleniumhq/selenium/selenium-devtools-v108/4.8.0/selenium-devtools-v108-4.8.0.jar:/Users/gokhansit/.m2/repository/org/seleniumhq/selenium/selenium-devtools-v109/4.8.0/selenium-devtools-v109-4.8.0.jar:/Users/gokhansit/.m2/repository/org/seleniumhq/selenium/selenium-devtools-v85/4.8.0/selenium-devtools-v85-4.8.0.jar:/Users/gokhansit/.m2/repository/org/seleniumhq/selenium/selenium-edge-driver/4.8.0/selenium-edge-driver-4.8.0.jar:/Users/gokhansit/.m2/repository/org/seleniumhq/selenium/selenium-firefox-driver/4.8.0/selenium-firefox-driver-4.8.0.jar:/Users/gokhansit/.m2/repository/org/seleniumhq/selenium/selenium-http/4.8.0/selenium-http-4.8.0.jar:/Users/gokhansit/.m2/repository/dev/failsafe/failsafe/3.3.0/failsafe-3.3.0.jar:/Users/gokhansit/.m2/repository/org/seleniumhq/selenium/selenium-ie-driver/4.8.0/selenium-ie-driver-4.8.0.jar:/Users/gokhansit/.m2/repository/org/seleniumhq/selenium/selenium-remote-driver/4.8.0/selenium-remote-driver-4.8.0.jar:/Users/gokhansit/.m2/repository/io/netty/netty-buffer/4.1.87.Final/netty-buffer-4.1.87.Final.jar:/Users/gokhansit/.m2/repository/io/netty/netty-codec-http/4.1.87.Final/netty-codec-http-4.1.87.Final.jar:/Users/gokhansit/.m2/repository/io/netty/netty-codec/4.1.87.Final/netty-codec-4.1.87.Final.jar:/Users/gokhansit/.m2/repository/io/netty/netty-handler/4.1.87.Final/netty-handler-4.1.87.Final.jar:/Users/gokhansit/.m2/repository/io/netty/netty-common/4.1.87.Final/netty-common-4.1.87.Final.jar:/Users/gokhansit/.m2/repository/io/netty/netty-transport-classes-epoll/4.1.87.Final/netty-transport-classes-epoll-4.1.87.Final.jar:/Users/gokhansit/.m2/repository/io/netty/netty-transport-classes-kqueue/4.1.87.Final/netty-transport-classes-kqueue-4.1.87.Final.jar:/Users/gokhansit/.m2/repository/io/netty/netty-transport-native-epoll/4.1.87.Final/netty-transport-native-epoll-4.1.87.Final.jar:/Users/gokhansit/.m2/repository/io/netty/netty-transport-native-kqueue/4.1.87.Final/netty-transport-native-kqueue-4.1.87.Final.jar:/Users/gokhansit/.m2/repository/io/netty/netty-transport-native-unix-common/4.1.87.Final/netty-transport-native-unix-common-4.1.87.Final.jar:/Users/gokhansit/.m2/repository/io/netty/netty-transport/4.1.87.Final/netty-transport-4.1.87.Final.jar:/Users/gokhansit/.m2/repository/io/netty/netty-resolver/4.1.87.Final/netty-resolver-4.1.87.Final.jar:/Users/gokhansit/.m2/repository/io/opentelemetry/opentelemetry-api/1.22.0/opentelemetry-api-1.22.0.jar:/Users/gokhansit/.m2/repository/io/opentelemetry/opentelemetry-context/1.22.0/opentelemetry-context-1.22.0.jar:/Users/gokhansit/.m2/repository/io/opentelemetry/opentelemetry-exporter-logging/1.22.0/opentelemetry-exporter-logging-1.22.0.jar:/Users/gokhansit/.m2/repository/io/opentelemetry/opentelemetry-sdk-metrics/1.22.0/opentelemetry-sdk-metrics-1.22.0.jar:/Users/gokhansit/.m2/repository/io/opentelemetry/opentelemetry-sdk-logs/1.22.0-alpha/opentelemetry-sdk-logs-1.22.0-alpha.jar:/Users/gokhansit/.m2/repository/io/opentelemetry/opentelemetry-api-logs/1.22.0-alpha/opentelemetry-api-logs-1.22.0-alpha.jar:/Users/gokhansit/.m2/repository/io/opentelemetry/opentelemetry-sdk-common/1.22.0/opentelemetry-sdk-common-1.22.0.jar:/Users/gokhansit/.m2/repository/io/opentelemetry/opentelemetry-sdk-extension-autoconfigure-spi/1.22.0/opentelemetry-sdk-extension-autoconfigure-spi-1.22.0.jar:/Users/gokhansit/.m2/repository/io/opentelemetry/opentelemetry-sdk-extension-autoconfigure/1.22.0-alpha/opentelemetry-sdk-extension-autoconfigure-1.22.0-alpha.jar:/Users/gokhansit/.m2/repository/io/opentelemetry/opentelemetry-sdk-trace/1.22.0/opentelemetry-sdk-trace-1.22.0.jar:/Users/gokhansit/.m2/repository/io/opentelemetry/opentelemetry-sdk/1.22.0/opentelemetry-sdk-1.22.0.jar:/Users/gokhansit/.m2/repository/io/opentelemetry/opentelemetry-semconv/1.22.0-alpha/opentelemetry-semconv-1.22.0-alpha.jar:/Users/gokhansit/.m2/repository/io/ous/jtoml/2.0.0/jtoml-2.0.0.jar:/Users/gokhansit/.m2/repository/net/bytebuddy/byte-buddy/1.12.22/byte-buddy-1.12.22.jar:/Users/gokhansit/.m2/repository/org/apache/commons/commons-exec/1.3/commons-exec-1.3.jar:/Users/gokhansit/.m2/repository/org/asynchttpclient/async-http-client/2.12.3/async-http-client-2.12.3.jar:/Users/gokhansit/.m2/repository/org/asynchttpclient/async-http-client-netty-utils/2.12.3/async-http-client-netty-utils-2.12.3.jar:/Users/gokhansit/.m2/repository/io/netty/netty-codec-socks/4.1.60.Final/netty-codec-socks-4.1.60.Final.jar:/Users/gokhansit/.m2/repository/io/netty/netty-handler-proxy/4.1.60.Final/netty-handler-proxy-4.1.60.Final.jar:/Users/gokhansit/.m2/repository/io/netty/netty-transport-native-epoll/4.1.60.Final/netty-transport-native-epoll-4.1.60.Final-linux-x86_64.jar:/Users/gokhansit/.m2/repository/io/netty/netty-transport-native-kqueue/4.1.60.Final/netty-transport-native-kqueue-4.1.60.Final-osx-x86_64.jar:/Users/gokhansit/.m2/repository/org/reactivestreams/reactive-streams/1.0.3/reactive-streams-1.0.3.jar:/Users/gokhansit/.m2/repository/com/typesafe/netty/netty-reactive-streams/2.0.4/netty-reactive-streams-2.0.4.jar:/Users/gokhansit/.m2/repository/com/sun/activation/jakarta.activation/1.2.2/jakarta.activation-1.2.2.jar:/Users/gokhansit/.m2/repository/org/seleniumhq/selenium/selenium-manager/4.8.0/selenium-manager-4.8.0.jar:/Users/gokhansit/.m2/repository/org/seleniumhq/selenium/selenium-safari-driver/4.8.0/selenium-safari-driver-4.8.0.jar:/Users/gokhansit/.m2/repository/org/seleniumhq/selenium/selenium-support/4.8.0/selenium-support-4.8.0.jar:/Users/gokhansit/.m2/repository/org/jetbrains/annotations/24.0.0/annotations-24.0.0.jar:/Users/gokhansit/.m2/repository/io/qameta/allure/allure-testng/2.20.1/allure-testng-2.20.1.jar:/Users/gokhansit/.m2/repository/io/qameta/allure/allure-java-commons/2.20.1/allure-java-commons-2.20.1.jar:/Users/gokhansit/.m2/repository/io/qameta/allure/allure-model/2.20.1/allure-model-2.20.1.jar:/Users/gokhansit/.m2/repository/io/qameta/allure/allure-test-filter/2.20.1/allure-test-filter-2.20.1.jar:"/>
    <property name="java.vm.vendor" value="Oracle Corporation"/>
    <property name="sun.arch.data.model" value="64"/>
    <property name="java.vendor.url" value="https://java.oracle.com/"/>
    <property name="user.timezone" value="Europe/Istanbul"/>
    <property name="os.name" value="Mac OS X"/>
    <property name="java.vm.specification.version" value="15"/>
    <property name="sun.java.launcher" value="SUN_STANDARD"/>
    <property name="user.country" value="TR"/>
    <property name="sun.boot.library.path" value="/Library/Java/JavaVirtualMachines/jdk-15.0.2.jdk/Contents/Home/lib"/>
    <property name="sun.java.command" value="/Users/gokhansit/IdeaProjects/awesomecucumber/target/surefire/surefirebooter-20230201205428822_3.jar /Users/gokhansit/IdeaProjects/awesomecucumber/target/surefire 2023-02-01T20-54-28_601-jvmRun1 surefire-20230201205428822_1tmp surefire_0-20230201205428822_2tmp"/>
    <property name="http.nonProxyHosts" value="local|*.local|169.254/16|*.169.254/16"/>
    <property name="jdk.debug" value="release"/>
    <property name="surefire.test.class.path" value="/Users/gokhansit/IdeaProjects/awesomecucumber/target/test-classes:/Users/gokhansit/IdeaProjects/awesomecucumber/target/classes:/Users/gokhansit/.m2/repository/io/cucumber/cucumber-picocontainer/7.0.0-RC1/cucumber-picocontainer-7.0.0-RC1.jar:/Users/gokhansit/.m2/repository/io/cucumber/cucumber-core/7.0.0-RC1/cucumber-core-7.0.0-RC1.jar:/Users/gokhansit/.m2/repository/io/cucumber/cucumber-gherkin/7.0.0-RC1/cucumber-gherkin-7.0.0-RC1.jar:/Users/gokhansit/.m2/repository/io/cucumber/cucumber-gherkin-messages/7.0.0-RC1/cucumber-gherkin-messages-7.0.0-RC1.jar:/Users/gokhansit/.m2/repository/io/cucumber/messages/17.1.0/messages-17.1.0.jar:/Users/gokhansit/.m2/repository/io/cucumber/tag-expressions/4.0.0/tag-expressions-4.0.0.jar:/Users/gokhansit/.m2/repository/io/cucumber/cucumber-expressions/12.1.3/cucumber-expressions-12.1.3.jar:/Users/gokhansit/.m2/repository/io/cucumber/datatable/7.0.0-RC1/datatable-7.0.0-RC1.jar:/Users/gokhansit/.m2/repository/io/cucumber/cucumber-plugin/7.0.0-RC1/cucumber-plugin-7.0.0-RC1.jar:/Users/gokhansit/.m2/repository/io/cucumber/docstring/7.0.0-RC1/docstring-7.0.0-RC1.jar:/Users/gokhansit/.m2/repository/io/cucumber/html-formatter/17.0.0/html-formatter-17.0.0.jar:/Users/gokhansit/.m2/repository/io/cucumber/create-meta/6.0.1/create-meta-6.0.1.jar:/Users/gokhansit/.m2/repository/org/apiguardian/apiguardian-api/1.1.2/apiguardian-api-1.1.2.jar:/Users/gokhansit/.m2/repository/org/picocontainer/picocontainer/2.15/picocontainer-2.15.jar:/Users/gokhansit/.m2/repository/io/github/bonigarcia/webdrivermanager/5.3.2/webdrivermanager-5.3.2.jar:/Users/gokhansit/.m2/repository/org/slf4j/slf4j-api/2.0.6/slf4j-api-2.0.6.jar:/Users/gokhansit/.m2/repository/com/google/code/gson/gson/2.10.1/gson-2.10.1.jar:/Users/gokhansit/.m2/repository/com/github/docker-java/docker-java/3.2.14/docker-java-3.2.14.jar:/Users/gokhansit/.m2/repository/com/github/docker-java/docker-java-core/3.2.14/docker-java-core-3.2.14.jar:/Users/gokhansit/.m2/repository/com/github/docker-java/docker-java-api/3.2.14/docker-java-api-3.2.14.jar:/Users/gokhansit/.m2/repository/com/fasterxml/jackson/core/jackson-annotations/2.10.3/jackson-annotations-2.10.3.jar:/Users/gokhansit/.m2/repository/commons-io/commons-io/2.6/commons-io-2.6.jar:/Users/gokhansit/.m2/repository/org/apache/commons/commons-compress/1.21/commons-compress-1.21.jar:/Users/gokhansit/.m2/repository/com/fasterxml/jackson/core/jackson-databind/2.10.3/jackson-databind-2.10.3.jar:/Users/gokhansit/.m2/repository/com/fasterxml/jackson/core/jackson-core/2.10.3/jackson-core-2.10.3.jar:/Users/gokhansit/.m2/repository/org/bouncycastle/bcpkix-jdk15on/1.64/bcpkix-jdk15on-1.64.jar:/Users/gokhansit/.m2/repository/org/bouncycastle/bcprov-jdk15on/1.64/bcprov-jdk15on-1.64.jar:/Users/gokhansit/.m2/repository/org/slf4j/jcl-over-slf4j/1.7.30/jcl-over-slf4j-1.7.30.jar:/Users/gokhansit/.m2/repository/com/github/docker-java/docker-java-transport-httpclient5/3.2.14/docker-java-transport-httpclient5-3.2.14.jar:/Users/gokhansit/.m2/repository/com/github/docker-java/docker-java-transport/3.2.14/docker-java-transport-3.2.14.jar:/Users/gokhansit/.m2/repository/net/java/dev/jna/jna/5.12.1/jna-5.12.1.jar:/Users/gokhansit/.m2/repository/org/brotli/dec/0.1.2/dec-0.1.2.jar:/Users/gokhansit/.m2/repository/org/apache/commons/commons-lang3/3.12.0/commons-lang3-3.12.0.jar:/Users/gokhansit/.m2/repository/org/apache/httpcomponents/client5/httpclient5/5.2.1/httpclient5-5.2.1.jar:/Users/gokhansit/.m2/repository/org/apache/httpcomponents/core5/httpcore5/5.2/httpcore5-5.2.jar:/Users/gokhansit/.m2/repository/org/apache/httpcomponents/core5/httpcore5-h2/5.2/httpcore5-h2-5.2.jar:/Users/gokhansit/.m2/repository/io/rest-assured/rest-assured/5.3.0/rest-assured-5.3.0.jar:/Users/gokhansit/.m2/repository/org/apache/groovy/groovy/4.0.6/groovy-4.0.6.jar:/Users/gokhansit/.m2/repository/org/apache/groovy/groovy-xml/4.0.6/groovy-xml-4.0.6.jar:/Users/gokhansit/.m2/repository/org/apache/httpcomponents/httpclient/4.5.13/httpclient-4.5.13.jar:/Users/gokhansit/.m2/repository/org/apache/httpcomponents/httpcore/4.4.13/httpcore-4.4.13.jar:/Users/gokhansit/.m2/repository/commons-logging/commons-logging/1.2/commons-logging-1.2.jar:/Users/gokhansit/.m2/repository/commons-codec/commons-codec/1.11/commons-codec-1.11.jar:/Users/gokhansit/.m2/repository/org/apache/httpcomponents/httpmime/4.5.13/httpmime-4.5.13.jar:/Users/gokhansit/.m2/repository/org/hamcrest/hamcrest/2.1/hamcrest-2.1.jar:/Users/gokhansit/.m2/repository/org/ccil/cowan/tagsoup/tagsoup/1.2.1/tagsoup-1.2.1.jar:/Users/gokhansit/.m2/repository/io/rest-assured/json-path/5.3.0/json-path-5.3.0.jar:/Users/gokhansit/.m2/repository/org/apache/groovy/groovy-json/4.0.6/groovy-json-4.0.6.jar:/Users/gokhansit/.m2/repository/io/rest-assured/rest-assured-common/5.3.0/rest-assured-common-5.3.0.jar:/Users/gokhansit/.m2/repository/io/rest-assured/xml-path/5.3.0/xml-path-5.3.0.jar:/Users/gokhansit/.m2/repository/io/cucumber/cucumber-java/7.11.0/cucumber-java-7.11.0.jar:/Users/gokhansit/.m2/repository/io/cucumber/cucumber-testng/7.11.0/cucumber-testng-7.11.0.jar:/Users/gokhansit/.m2/repository/org/testng/testng/7.7.1/testng-7.7.1.jar:/Users/gokhansit/.m2/repository/com/beust/jcommander/1.82/jcommander-1.82.jar:/Users/gokhansit/.m2/repository/org/webjars/jquery/3.6.1/jquery-3.6.1.jar:/Users/gokhansit/.m2/repository/org/seleniumhq/selenium/selenium-java/4.8.0/selenium-java-4.8.0.jar:/Users/gokhansit/.m2/repository/org/seleniumhq/selenium/selenium-api/4.8.0/selenium-api-4.8.0.jar:/Users/gokhansit/.m2/repository/org/seleniumhq/selenium/selenium-chrome-driver/4.8.0/selenium-chrome-driver-4.8.0.jar:/Users/gokhansit/.m2/repository/com/google/auto/service/auto-service-annotations/1.0.1/auto-service-annotations-1.0.1.jar:/Users/gokhansit/.m2/repository/com/google/auto/service/auto-service/1.0.1/auto-service-1.0.1.jar:/Users/gokhansit/.m2/repository/com/google/auto/auto-common/1.2/auto-common-1.2.jar:/Users/gokhansit/.m2/repository/com/google/guava/guava/31.1-jre/guava-31.1-jre.jar:/Users/gokhansit/.m2/repository/com/google/guava/failureaccess/1.0.1/failureaccess-1.0.1.jar:/Users/gokhansit/.m2/repository/com/google/guava/listenablefuture/9999.0-empty-to-avoid-conflict-with-guava/listenablefuture-9999.0-empty-to-avoid-conflict-with-guava.jar:/Users/gokhansit/.m2/repository/com/google/code/findbugs/jsr305/3.0.2/jsr305-3.0.2.jar:/Users/gokhansit/.m2/repository/org/checkerframework/checker-qual/3.12.0/checker-qual-3.12.0.jar:/Users/gokhansit/.m2/repository/com/google/errorprone/error_prone_annotations/2.11.0/error_prone_annotations-2.11.0.jar:/Users/gokhansit/.m2/repository/com/google/j2objc/j2objc-annotations/1.3/j2objc-annotations-1.3.jar:/Users/gokhansit/.m2/repository/org/seleniumhq/selenium/selenium-chromium-driver/4.8.0/selenium-chromium-driver-4.8.0.jar:/Users/gokhansit/.m2/repository/org/seleniumhq/selenium/selenium-json/4.8.0/selenium-json-4.8.0.jar:/Users/gokhansit/.m2/repository/org/seleniumhq/selenium/selenium-devtools-v107/4.8.0/selenium-devtools-v107-4.8.0.jar:/Users/gokhansit/.m2/repository/org/seleniumhq/selenium/selenium-devtools-v108/4.8.0/selenium-devtools-v108-4.8.0.jar:/Users/gokhansit/.m2/repository/org/seleniumhq/selenium/selenium-devtools-v109/4.8.0/selenium-devtools-v109-4.8.0.jar:/Users/gokhansit/.m2/repository/org/seleniumhq/selenium/selenium-devtools-v85/4.8.0/selenium-devtools-v85-4.8.0.jar:/Users/gokhansit/.m2/repository/org/seleniumhq/selenium/selenium-edge-driver/4.8.0/selenium-edge-driver-4.8.0.jar:/Users/gokhansit/.m2/repository/org/seleniumhq/selenium/selenium-firefox-driver/4.8.0/selenium-firefox-driver-4.8.0.jar:/Users/gokhansit/.m2/repository/org/seleniumhq/selenium/selenium-http/4.8.0/selenium-http-4.8.0.jar:/Users/gokhansit/.m2/repository/dev/failsafe/failsafe/3.3.0/failsafe-3.3.0.jar:/Users/gokhansit/.m2/repository/org/seleniumhq/selenium/selenium-ie-driver/4.8.0/selenium-ie-driver-4.8.0.jar:/Users/gokhansit/.m2/repository/org/seleniumhq/selenium/selenium-remote-driver/4.8.0/selenium-remote-driver-4.8.0.jar:/Users/gokhansit/.m2/repository/io/netty/netty-buffer/4.1.87.Final/netty-buffer-4.1.87.Final.jar:/Users/gokhansit/.m2/repository/io/netty/netty-codec-http/4.1.87.Final/netty-codec-http-4.1.87.Final.jar:/Users/gokhansit/.m2/repository/io/netty/netty-codec/4.1.87.Final/netty-codec-4.1.87.Final.jar:/Users/gokhansit/.m2/repository/io/netty/netty-handler/4.1.87.Final/netty-handler-4.1.87.Final.jar:/Users/gokhansit/.m2/repository/io/netty/netty-common/4.1.87.Final/netty-common-4.1.87.Final.jar:/Users/gokhansit/.m2/repository/io/netty/netty-transport-classes-epoll/4.1.87.Final/netty-transport-classes-epoll-4.1.87.Final.jar:/Users/gokhansit/.m2/repository/io/netty/netty-transport-classes-kqueue/4.1.87.Final/netty-transport-classes-kqueue-4.1.87.Final.jar:/Users/gokhansit/.m2/repository/io/netty/netty-transport-native-epoll/4.1.87.Final/netty-transport-native-epoll-4.1.87.Final.jar:/Users/gokhansit/.m2/repository/io/netty/netty-transport-native-kqueue/4.1.87.Final/netty-transport-native-kqueue-4.1.87.Final.jar:/Users/gokhansit/.m2/repository/io/netty/netty-transport-native-unix-common/4.1.87.Final/netty-transport-native-unix-common-4.1.87.Final.jar:/Users/gokhansit/.m2/repository/io/netty/netty-transport/4.1.87.Final/netty-transport-4.1.87.Final.jar:/Users/gokhansit/.m2/repository/io/netty/netty-resolver/4.1.87.Final/netty-resolver-4.1.87.Final.jar:/Users/gokhansit/.m2/repository/io/opentelemetry/opentelemetry-api/1.22.0/opentelemetry-api-1.22.0.jar:/Users/gokhansit/.m2/repository/io/opentelemetry/opentelemetry-context/1.22.0/opentelemetry-context-1.22.0.jar:/Users/gokhansit/.m2/repository/io/opentelemetry/opentelemetry-exporter-logging/1.22.0/opentelemetry-exporter-logging-1.22.0.jar:/Users/gokhansit/.m2/repository/io/opentelemetry/opentelemetry-sdk-metrics/1.22.0/opentelemetry-sdk-metrics-1.22.0.jar:/Users/gokhansit/.m2/repository/io/opentelemetry/opentelemetry-sdk-logs/1.22.0-alpha/opentelemetry-sdk-logs-1.22.0-alpha.jar:/Users/gokhansit/.m2/repository/io/opentelemetry/opentelemetry-api-logs/1.22.0-alpha/opentelemetry-api-logs-1.22.0-alpha.jar:/Users/gokhansit/.m2/repository/io/opentelemetry/opentelemetry-sdk-common/1.22.0/opentelemetry-sdk-common-1.22.0.jar:/Users/gokhansit/.m2/repository/io/opentelemetry/opentelemetry-sdk-extension-autoconfigure-spi/1.22.0/opentelemetry-sdk-extension-autoconfigure-spi-1.22.0.jar:/Users/gokhansit/.m2/repository/io/opentelemetry/opentelemetry-sdk-extension-autoconfigure/1.22.0-alpha/opentelemetry-sdk-extension-autoconfigure-1.22.0-alpha.jar:/Users/gokhansit/.m2/repository/io/opentelemetry/opentelemetry-sdk-trace/1.22.0/opentelemetry-sdk-trace-1.22.0.jar:/Users/gokhansit/.m2/repository/io/opentelemetry/opentelemetry-sdk/1.22.0/opentelemetry-sdk-1.22.0.jar:/Users/gokhansit/.m2/repository/io/opentelemetry/opentelemetry-semconv/1.22.0-alpha/opentelemetry-semconv-1.22.0-alpha.jar:/Users/gokhansit/.m2/repository/io/ous/jtoml/2.0.0/jtoml-2.0.0.jar:/Users/gokhansit/.m2/repository/net/bytebuddy/byte-buddy/1.12.22/byte-buddy-1.12.22.jar:/Users/gokhansit/.m2/repository/org/apache/commons/commons-exec/1.3/commons-exec-1.3.jar:/Users/gokhansit/.m2/repository/org/asynchttpclient/async-http-client/2.12.3/async-http-client-2.12.3.jar:/Users/gokhansit/.m2/repository/org/asynchttpclient/async-http-client-netty-utils/2.12.3/async-http-client-netty-utils-2.12.3.jar:/Users/gokhansit/.m2/repository/io/netty/netty-codec-socks/4.1.60.Final/netty-codec-socks-4.1.60.Final.jar:/Users/gokhansit/.m2/repository/io/netty/netty-handler-proxy/4.1.60.Final/netty-handler-proxy-4.1.60.Final.jar:/Users/gokhansit/.m2/repository/io/netty/netty-transport-native-epoll/4.1.60.Final/netty-transport-native-epoll-4.1.60.Final-linux-x86_64.jar:/Users/gokhansit/.m2/repository/io/netty/netty-transport-native-kqueue/4.1.60.Final/netty-transport-native-kqueue-4.1.60.Final-osx-x86_64.jar:/Users/gokhansit/.m2/repository/org/reactivestreams/reactive-streams/1.0.3/reactive-streams-1.0.3.jar:/Users/gokhansit/.m2/repository/com/typesafe/netty/netty-reactive-streams/2.0.4/netty-reactive-streams-2.0.4.jar:/Users/gokhansit/.m2/repository/com/sun/activation/jakarta.activation/1.2.2/jakarta.activation-1.2.2.jar:/Users/gokhansit/.m2/repository/org/seleniumhq/selenium/selenium-manager/4.8.0/selenium-manager-4.8.0.jar:/Users/gokhansit/.m2/repository/org/seleniumhq/selenium/selenium-safari-driver/4.8.0/selenium-safari-driver-4.8.0.jar:/Users/gokhansit/.m2/repository/org/seleniumhq/selenium/selenium-support/4.8.0/selenium-support-4.8.0.jar:/Users/gokhansit/.m2/repository/org/jetbrains/annotations/24.0.0/annotations-24.0.0.jar:/Users/gokhansit/.m2/repository/io/qameta/allure/allure-testng/2.20.1/allure-testng-2.20.1.jar:/Users/gokhansit/.m2/repository/io/qameta/allure/allure-java-commons/2.20.1/allure-java-commons-2.20.1.jar:/Users/gokhansit/.m2/repository/io/qameta/allure/allure-model/2.20.1/allure-model-2.20.1.jar:/Users/gokhansit/.m2/repository/io/qameta/allure/allure-test-filter/2.20.1/allure-test-filter-2.20.1.jar:"/>
    <property name="sun.cpu.endian" value="little"/>
    <property name="user.home" value="/Users/gokhansit"/>
    <property name="user.language" value="tr"/>
    <property name="java.specification.vendor" value="Oracle Corporation"/>
    <property name="java.version.date" value="2021-01-19"/>
    <property name="java.home" value="/Library/Java/JavaVirtualMachines/jdk-15.0.2.jdk/Contents/Home"/>
    <property name="file.separator" value="/"/>
    <property name="basedir" value="/Users/gokhansit/IdeaProjects/awesomecucumber"/>
    <property name="java.vm.compressedOopsMode" value="Zero based"/>
    <property name="line.separator" value="&#10;"/>
    <property name="java.specification.name" value="Java Platform API Specification"/>
    <property name="java.vm.specification.vendor" value="Oracle Corporation"/>
    <property name="surefire.real.class.path" value="/Users/gokhansit/IdeaProjects/awesomecucumber/target/surefire/surefirebooter-20230201205428822_3.jar"/>
    <property name="sun.management.compiler" value="HotSpot 64-Bit Tiered Compilers"/>
    <property name="ftp.nonProxyHosts" value="local|*.local|169.254/16|*.169.254/16"/>
    <property name="java.runtime.version" value="15.0.2+7-27"/>
    <property name="user.name" value="gokhansit"/>
    <property name="path.separator" value=":"/>
    <property name="os.version" value="10.16"/>
    <property name="java.runtime.name" value="Java(TM) SE Runtime Environment"/>
    <property name="file.encoding" value="UTF-8"/>
    <property name="java.vm.name" value="Java HotSpot(TM) 64-Bit Server VM"/>
    <property name="localRepository" value="/Users/gokhansit/.m2/repository"/>
    <property name="java.vendor.url.bug" value="https://bugreport.java.com/bugreport/"/>
    <property name="java.io.tmpdir" value="/var/folders/sn/c5_cnrs91x7bqw01wmp672540000gn/T/"/>
    <property name="java.version" value="15.0.2"/>
    <property name="user.dir" value="/Users/gokhansit/IdeaProjects/awesomecucumber"/>
    <property name="os.arch" value="x86_64"/>
    <property name="java.vm.specification.name" value="Java Virtual Machine Specification"/>
    <property name="java.library.path" value="/Users/gokhansit/Library/Java/Extensions:/Library/Java/Extensions:/Network/Library/Java/Extensions:/System/Library/Java/Extensions:/usr/lib/java:."/>
    <property name="java.vm.info" value="mixed mode, sharing"/>
    <property name="java.vendor" value="Oracle Corporation"/>
    <property name="java.vm.version" value="15.0.2+7-27"/>
    <property name="sun.io.unicode.encoding" value="UnicodeBig"/>
    <property name="socksNonProxyHosts" value="local|*.local|169.254/16|*.169.254/16"/>
    <property name="java.class.version" value="59.0"/>
  </properties>
  <testcase name="runScenario[&quot;add one quantity from Store test test multiple - examples&quot;, &quot;Add to cart test&quot;](3)" classname="awesomecucumber.runners.TestNGRunnerTest" time="9.038">
    <system-out><![CDATA[
@smoke
Scenario: add one quantity from Store test test &amp#27;[90m# src/test/resources/awesomecucumber/firsttest/add_to_cart_test.feature:4&amp#27;[0m

@smoke
Scenario Outline: add one quantity from Store test test multiple - examples &amp#27;[90m# src/test/resources/awesomecucumber/firsttest/add_to_cart_test.feature:16&amp#27;[0m

@smoke
Scenario Outline: add one quantity from Store test test multiple - examples &amp#27;[90m# src/test/resources/awesomecucumber/firsttest/add_to_cart_test.feature:17&amp#27;[0m

@smoke
Scenario: varsayılan ödeme seçenekleri ile siparis test &amp#27;[90m# src/test/resources/awesomecucumber/firsttest/misafir_siparisi.feature:4&amp#27;[0m
before: thread id: 20,scenario name: varsayılan ödeme seçenekleri ile siparis test
before: thread id: 17,scenario name: add one quantity from Store test test
before: thread id: 19,scenario name: add one quantity from Store test test multiple - examples
before: thread id: 18,scenario name: add one quantity from Store test test multiple - examples
  &amp#27;[32mGiven &amp#27;[0m&amp#27;[32mI'm on the Store Page&amp#27;[0m                   &amp#27;[90m# awesomecucumber.stepdef.StoreStepDefinitions.ıMOnTheStorePage()&amp#27;[0m
  &amp#27;[32mGiven &amp#27;[0m&amp#27;[32mim a quest customer&amp#27;[0m                             &amp#27;[90m# awesomecucumber.stepdef.CustomerStepDefinitions.imAQuestCustomer()&amp#27;[0m
  &amp#27;[32mAnd &amp#27;[0m&amp#27;[32mmy billing details aree&amp#27;[0m                           &amp#27;[90m# awesomecucumber.stepdef.CustomerStepDefinitions.myBillingDetailsAree(awesomecucumber.domainobjects.BillingDetails)&amp#27;[0m
    | firstname | lastname | country            | address_line1     | city  | state | zip   | email              |
    | demo      | user     | United States (US) | 6300 Spring Creek | Plano | Texas | 75024 | askomdch@gmail.com |
  &amp#27;[32mGiven &amp#27;[0m&amp#27;[32mI'm on the Store Page&amp#27;[0m                                               &amp#27;[90m# awesomecucumber.stepdef.StoreStepDefinitions.ıMOnTheStorePage()&amp#27;[0m
  &amp#27;[32mGiven &amp#27;[0m&amp#27;[32mI'm on the Store Page&amp#27;[0m                                               &amp#27;[90m# awesomecucumber.stepdef.StoreStepDefinitions.ıMOnTheStorePage()&amp#27;[0m
Request method:	POST
Request URI:	https://askomdch.com/?wc-ajax=add_to_cart
Proxy:			<none>
Request params:	<none>
Query params:	<none>
Form params:	product_sku=
				quantity=1
				product_id=1215
Path params:	<none>
Headers:		Accept=*/*
				Content-Type=application/x-www-form-urlencoded; charset=ISO-8859-1
Cookies:		<none>
Multiparts:		<none>
Body:			<none>
  &amp#27;[32mWhen &amp#27;[0m&amp#27;[32mI add a &amp#27;[0m&amp#27;[32m&amp#27;[1m"Anchor Bracelet"&amp#27;[0m&amp#27;[32m too the cart&amp#27;[0m                               &amp#27;[90m# awesomecucumber.stepdef.StoreStepDefinitions.ıAddATooTheCart(awesomecucumber.domainobjects.Product)&amp#27;[0m
  &amp#27;[32mWhen &amp#27;[0m&amp#27;[32mI add a &amp#27;[0m&amp#27;[32m&amp#27;[1m"Blue Shoes"&amp#27;[0m&amp#27;[32m too the cart&amp#27;[0m        &amp#27;[90m# awesomecucumber.stepdef.StoreStepDefinitions.ıAddATooTheCart(awesomecucumber.domainobjects.Product)&amp#27;[0m
  &amp#27;[32mThen &amp#27;[0m&amp#27;[32mI should see &amp#27;[0m&amp#27;[32m&amp#27;[1m1&amp#27;[0m&amp#27;[32m &amp#27;[0m&amp#27;[32m&amp#27;[1m"Anchor Bracelet"&amp#27;[0m&amp#27;[32m inn the cart&amp#27;[0m                        &amp#27;[90m# awesomecucumber.stepdef.CartStepDefinitions.ıShouldSeeInnTheCart(int,awesomecucumber.domainobjects.Product)&amp#27;[0m
  &amp#27;[32mThen &amp#27;[0m&amp#27;[32mI should see &amp#27;[0m&amp#27;[32m&amp#27;[1m1&amp#27;[0m&amp#27;[32m &amp#27;[0m&amp#27;[32m&amp#27;[1m"Blue Shoes"&amp#27;[0m&amp#27;[32m inn the cart&amp#27;[0m &amp#27;[90m# awesomecucumber.stepdef.CartStepDefinitions.ıShouldSeeInnTheCart(int,awesomecucumber.domainobjects.Product)&amp#27;[0m
after: thread id: 17,scenario name: add one quantity from Store test test
after: thread id: 18,scenario name: add one quantity from Store test test multiple - examples
  &amp#27;[32mWhen &amp#27;[0m&amp#27;[32mI add a &amp#27;[0m&amp#27;[32m&amp#27;[1m"Black Over-the-shoulder Handbag"&amp#27;[0m&amp#27;[32m too the cart&amp#27;[0m               &amp#27;[90m# awesomecucumber.stepdef.StoreStepDefinitions.ıAddATooTheCart(awesomecucumber.domainobjects.Product)&amp#27;[0m
  &amp#27;[32mThen &amp#27;[0m&amp#27;[32mI should see &amp#27;[0m&amp#27;[32m&amp#27;[1m1&amp#27;[0m&amp#27;[32m &amp#27;[0m&amp#27;[32m&amp#27;[1m"Black Over-the-shoulder Handbag"&amp#27;[0m&amp#27;[32m inn the cart&amp#27;[0m        &amp#27;[90m# awesomecucumber.stepdef.CartStepDefinitions.ıShouldSeeInnTheCart(int,awesomecucumber.domainobjects.Product)&amp#27;[0m
after: thread id: 19,scenario name: add one quantity from Store test test multiple - examples
HTTP/1.1 200 OK
Date: Wed, 01 Feb 2023 17:54:40 GMT
Content-Type: application/json; charset=UTF-8
Transfer-Encoding: chunked
Connection: keep-alive
vary: Accept-Encoding
x-content-type-options: nosniff
x-content-type-options: nosniff
x-robots-tag: noindex
set-cookie: woocommerce_items_in_cart=1; path=/
expires: Wed, 11 Jan 1984 05:00:00 GMT
Cache-Control: no-cache, must-revalidate, max-age=0
strict-transport-security: max-age=63072000
x-frame-options: SAMEORIGIN
x-xss-protection: 1; mode=block
CF-Cache-Status: DYNAMIC
set-cookie: woocommerce_cart_hash=42e65b245308ba4f486b61612707a993; path=/
set-cookie: wp_woocommerce_session_e39c30ea93030240fdcfed1ddf385ba1=t_0831b12c5252aeeebe12a038a56a82%7C%7C1675446880%7C%7C1675443280%7C%7C81f19eaa5db70ed4cf919bac885fbe84; expires=Fri, 03-Feb-2023 17:54:40 GMT; Max-Age=172800; path=/; secure; HttpOnly
set-cookie: woocommerce_items_in_cart=1; path=/
set-cookie: woocommerce_cart_hash=077edd270071e91cf806e27ea69d99f4; path=/
set-cookie: wp_woocommerce_session_e39c30ea93030240fdcfed1ddf385ba1=t_0831b12c5252aeeebe12a038a56a82%7C%7C1675446880%7C%7C1675443280%7C%7C81f19eaa5db70ed4cf919bac885fbe84; expires=Fri, 03-Feb-2023 17:54:40 GMT; Max-Age=172800; path=/; secure; HttpOnly
Report-To: {"endpoints":[{"url":"https:\/\/a.nel.cloudflare.com\/report\/v3?s=FIziSTdQOeqz651dEZtj9fpHkeHZBppnc9n3AbTIW47C9d3nfp5173pCkhRcXlalsx5nSHpEHp6%2F6WsVVH9QprpjWKfkczFNKBTeqmgaKvFw0gZNJID8wdhcI0hsTlA%3D"}],"group":"cf-nel","max_age":604800}
NEL: {"success_fraction":0,"report_to":"cf-nel","max_age":604800}
Server: cloudflare
CF-RAY: 792c8db7d9febadb-MXP
alt-svc: h3=":443"; ma=86400, h3-29=":443"; ma=86400

{
    "fragments": {
        "div.widget_shopping_cart_content": "<div class=\"widget_shopping_cart_content\">\n\n\t<ul class=\"woocommerce-mini-cart cart_list product_list_widget \">\n\t\t\t\t\t\t<li class=\"woocommerce-mini-cart-item mini_cart_item\">\n\t\t\t\t\t<a href=\"https://askomdch.com/cart/?remove_item=a4d2f0d23dcc84ce983ff9157f8b7f88&#038;_wpnonce=aca5356323\" class=\"remove remove_from_cart_button\" aria-label=\"Remove this item\" data-product_id=\"1215\" data-cart_item_key=\"a4d2f0d23dcc84ce983ff9157f8b7f88\" data-product_sku=\"\">&times;</a>\t\t\t\t\t\t\t\t\t\t\t<a href=\"https://askomdch.com/product/blue-shoes/\">\n\t\t\t\t\t\t\t<img width=\"300\" height=\"300\" src=\"https://askomdch.com/wp-content/uploads/2021/06/pro-14-300x300.jpg\" class=\"attachment-woocommerce_thumbnail size-woocommerce_thumbnail\" alt=\"\" srcset=\"https://askomdch.com/wp-content/uploads/2021/06/pro-14-300x300.jpg 300w, https://askomdch.com/wp-content/uploads/2021/06/pro-14-150x150.jpg 150w, https://askomdch.com/wp-content/uploads/2021/06/pro-14-100x100.jpg 100w, https://askomdch.com/wp-content/uploads/2021/06/pro-14.jpg 600w\" sizes=\"(max-width: 300px) 100vw, 300px\" />Blue Shoes\t\t\t\t\t\t</a>\n\t\t\t\t\t\t\t\t\t\t\t\t\t\t\t<span class=\"quantity\">1 &times; <span class=\"woocommerce-Price-amount amount\"><bdi><span class=\"woocommerce-Price-currencySymbol\">&#36;</span>45.00</bdi></span></span>\t\t\t\t</li>\n\t\t\t\t\t</ul>\n\n\t<p class=\"woocommerce-mini-cart__total total\">\n\t\t<strong>Subtotal:</strong> <span class=\"woocommerce-Price-amount amount\"><bdi><span class=\"woocommerce-Price-currencySymbol\">&#36;</span>45.00</bdi></span>\t</p>\n\n\t\n\t<p class=\"woocommerce-mini-cart__buttons buttons\"><a href=\"https://askomdch.com/cart/\" class=\"button wc-forward\">View cart</a><a href=\"https://askomdch.com/checkout/\" class=\"button checkout wc-forward\">Checkout</a></p>\n\n\t\n\n</div>",
        "a.cart-container": "\t\t\t<a class=\"cart-container\" href=\"https://askomdch.com/cart/\" title=\"View your shopping cart\">\r\n\r\n\t\t\t\t\t\t\t\t\t\t\t\t\t<div class=\"ast-cart-menu-wrap\">\r\n\t\t\t\t\t\t\t\t<span class=\"count\">\r\n\t\t\t\t\t\t\t\t\t1\t\t\t\t\t\t\t\t</span>\r\n\t\t\t\t\t\t\t</div>\r\n\t\t\t\t\t\t\t\t\t\t</a>\r\n\t\t\t"
    },
    "cart_hash": "077edd270071e91cf806e27ea69d99f4"
}
COUNTER 0: woocommerce_items_in_cart=1; path=/
COUNTER 1: woocommerce_cart_hash=42e65b245308ba4f486b61612707a993; path=/
COUNTER 2: wp_woocommerce_session_e39c30ea93030240fdcfed1ddf385ba1=t_0831b12c5252aeeebe12a038a56a82%7C%7C1675446880%7C%7C1675443280%7C%7C81f19eaa5db70ed4cf919bac885fbe84; expires=Cum, 03 Şub 2023 08:54:40 TRT; path=/;secure;
COUNTER 3: woocommerce_items_in_cart=1; path=/
COUNTER 4: woocommerce_cart_hash=077edd270071e91cf806e27ea69d99f4; path=/
COUNTER 5: wp_woocommerce_session_e39c30ea93030240fdcfed1ddf385ba1=t_0831b12c5252aeeebe12a038a56a82%7C%7C1675446880%7C%7C1675443280%7C%7C81f19eaa5db70ed4cf919bac885fbe84; expires=Cum, 03 Şub 2023 08:54:40 TRT; path=/;secure;
]]></system-out>
    <system-err><![CDATA[SLF4J: No SLF4J providers were found.
SLF4J: Defaulting to no-operation (NOP) logger implementation
SLF4J: See https://www.slf4j.org/codes.html#noProviders for further details.
SSttaarrttinign gC hChrroommeDerDirvievrSet ra1 r1t0i9n.g0 .C5h4r01o49m..e70D4.r i5(ve4eS71trc4 a5.1r7t04 (79ie.7nc0g5. 75C043h16r40o.4md7ea4aD 9r(ciecv712ec85rc7 c0f1350690a.450dd.3a5ea94991c34c5113.20778345c68 c09(f41e5d37aac-5a5r9d7e3cef0c913s926/380b5c4rc1daf3na57aca559h8d-c93hc1e31e9-2a9r3d8e5sc1/c3f57451849@1{3#-f15r1sae7/5f2bd}s3r)/ea bo9nnr9 cpa3ohn5r-ct1h h36e-17a3h5d3e
8sOa9/ndl15ys 34/l-1o5c4r4al@e1 4cf{o@s#n{n/1e#c1b1t7ri1oa27nn}s2 c)}arh )eo-  ahnol elnoap wepddoo.sr
r/Ptt 5 l445e314a545s7@3e
2{O 
#nsO1len1yel7  y2lh }o)ltc otaocplnas l :c p/oco/orncntnhn ee2rc3cott0mi8ioe1ondn
srsO i navrleaery r.ae cl hllaroolocwlaeomdl. iwuec
mdo.P.nlonr
eegaP/sclsetee icasuoserneeis  t yhsa-tercteeo  pnhsast:ilt/dp/lecsorh:awr/teoi/dmo.cen
dshrP rilfovoemearres.decr h sirseovumeegir gu.ehcsttmhit.roponomssri :guo//mn.s /eokcrchuger/rosimeeteycpdu-ricriionvtngeys r-iC.dchcoehrnrrasootimdimioeuernmDas.rt oifirvoognre/srs   efcsosuuarrgfg esest.iuiog
gnestCs htyori-nooc mnoeksDn ersoeinivp deikreenre apwgtia niCg hsoCr hnosrsmtoeaDmrre tiDefvrdoei rrv se sursc acsfeauesf.egs.f
g
CuhCelrhslorytmo.iem
oDeDrnirsviev reo rw na swk seateaspr tisendt gas urCctcheersdso fmusleulyD.c
rciesvsefrul lys.
afe.
ChromeDriver was started successfully.
Şub 01, 2023 8:54:39 ÖS org.openqa.selenium.remote.http.WebSocket$Listener onError
WARNING: Connection reset
java.net.SocketException: Connection reset
	at java.base/sun.nio.ch.SocketChannelImpl.throwConnectionReset(SocketChannelImpl.java:367)
	at java.base/sun.nio.ch.SocketChannelImpl.read(SocketChannelImpl.java:398)
	at io.netty.buffer.PooledByteBuf.setBytes(PooledByteBuf.java:259)
	at io.netty.buffer.AbstractByteBuf.writeBytes(AbstractByteBuf.java:1132)
	at io.netty.channel.socket.nio.NioSocketChannel.doReadBytes(NioSocketChannel.java:357)
	at io.netty.channel.nio.AbstractNioByteChannel$NioByteUnsafe.read(AbstractNioByteChannel.java:151)
	at io.netty.channel.nio.NioEventLoop.processSelectedKey(NioEventLoop.java:788)
	at io.netty.channel.nio.NioEventLoop.processSelectedKeysOptimized(NioEventLoop.java:724)
	at io.netty.channel.nio.NioEventLoop.processSelectedKeys(NioEventLoop.java:650)
	at io.netty.channel.nio.NioEventLoop.run(NioEventLoop.java:562)
	at io.netty.util.concurrent.SingleThreadEventExecutor$4.run(SingleThreadEventExecutor.java:997)
	at io.netty.util.internal.ThreadExecutorMap$2.run(ThreadExecutorMap.java:74)
	at io.netty.util.concurrent.FastThreadLocalRunnable.run(FastThreadLocalRunnable.java:30)
	at java.base/java.lang.Thread.run(Thread.java:832)

]]></system-err>
  </testcase>
  <testcase name="runScenario[&quot;add one quantity from Store test test multiple - examples&quot;, &quot;Add to cart test&quot;](3)" classname="awesomecucumber.runners.TestNGRunnerTest" time="9.039"/>
  <testcase name="runScenario[&quot;add one quantity from Store test test&quot;, &quot;Add to cart test&quot;](3)" classname="awesomecucumber.runners.TestNGRunnerTest" time="9.039"/>
  <testcase name="runScenario[&quot;varsayılan ödeme seçenekleri ile siparis test&quot;, &quot;Place an order misafir kullanıcı&quot;](4)" classname="awesomecucumber.runners.TestNGRunnerTest" time="14.537">
    <system-out><![CDATA[  &amp#27;[32mAnd &amp#27;[0m&amp#27;[32mi have a porduct in the cart&amp#27;[0m                      &amp#27;[90m# awesomecucumber.stepdef.StoreStepDefinitions.iHaveAPorductInTheCart()&amp#27;[0m
  &amp#27;[32mAnd &amp#27;[0m&amp#27;[32mim on the checkout page&amp#27;[0m                           &amp#27;[90m# awesomecucumber.stepdef.CheckoutStepdefinitions.imOnTheCheckoutPage()&amp#27;[0m
  &amp#27;[32mWhen &amp#27;[0m&amp#27;[32mi provide biling details&amp#27;[0m                         &amp#27;[90m# awesomecucumber.stepdef.CheckoutStepdefinitions.iProvideBilingDetails()&amp#27;[0m
OVERLAY SIZE2
OVERLAYS INVISIBLE
  &amp#27;[32mAnd &amp#27;[0m&amp#27;[32mi place an order&amp#27;[0m                                  &amp#27;[90m# awesomecucumber.stepdef.CheckoutStepdefinitions.iPlaceAnOrder()&amp#27;[0m
  &amp#27;[32mThen &amp#27;[0m&amp#27;[32mthe order should be placed successfuly&amp#27;[0m           &amp#27;[90m# awesomecucumber.stepdef.CheckoutStepdefinitions.theOrderShouldBePlacedSuccessfuly()&amp#27;[0m
after: thread id: 20,scenario name: varsayılan ödeme seçenekleri ile siparis test
]]></system-out>
  </testcase>
</testsuite>