<?xml version="1.0" encoding="UTF-8"?>
<!-- Generated by org.testng.reporters.JUnitReportReporter -->
<testsuite hostname="192.168.1.5" failures="0" tests="4" name="awesomecucumber.runners.TestNGRunnerTest" time="41.397" errors="0" timestamp="2023-02-01T20:54:46 TRT" skipped="0">
  <testcase classname="awesomecucumber.runners.TestNGRunnerTest" name="runScenario" time="8.940"/>
  <system-out/>
  <testcase classname="awesomecucumber.runners.TestNGRunnerTest" name="runScenario" time="8.967"/>
  <system-out/>
  <testcase classname="awesomecucumber.runners.TestNGRunnerTest" name="runScenario" time="8.950"/>
  <system-out/>
  <testcase classname="awesomecucumber.runners.TestNGRunnerTest" name="runScenario" time="14.540"/>
  <system-out/>
</testsuite> <!-- awesomecucumber.runners.TestNGRunnerTest -->
